[    0.000000] Linux version 4.15.0-118-generic (buildd@lgw01-amd64-039) (gcc version 7.5.0 (Ubuntu 7.5.0-3ubuntu1~18.04)) #119-Ubuntu SMP Tue Sep 8 12:30:01 UTC 2020 (Ubuntu 4.15.0-118.119-generic 4.15.18)
[    0.000000] Command line: BOOT_IMAGE=/boot/vmlinuz-4.15.0-118-generic root=LABEL=cloudimg-rootfs ro console=tty1 console=ttyS0
[    0.000000] KERNEL supported cpus:
[    0.000000]   Intel GenuineIntel
[    0.000000]   AMD AuthenticAMD
[    0.000000]   Centaur CentaurHauls
[    0.000000] x86/fpu: Supporting XSAVE feature 0x001: 'x87 floating point registers'
[    0.000000] x86/fpu: Supporting XSAVE feature 0x002: 'SSE registers'
[    0.000000] x86/fpu: Supporting XSAVE feature 0x004: 'AVX registers'
[    0.000000] x86/fpu: xstate_offset[2]:  576, xstate_sizes[2]:  256
[    0.000000] x86/fpu: Enabled xstate features 0x7, context size is 832 bytes, using 'standard' format.
[    0.000000] e820: BIOS-provided physical RAM map:
[    0.000000] BIOS-e820: [mem 0x0000000000000000-0x000000000009fbff] usable
[    0.000000] BIOS-e820: [mem 0x000000000009fc00-0x000000000009ffff] reserved
[    0.000000] BIOS-e820: [mem 0x00000000000f0000-0x00000000000fffff] reserved
[    0.000000] BIOS-e820: [mem 0x0000000000100000-0x00000000dffeffff] usable
[    0.000000] BIOS-e820: [mem 0x00000000dfff0000-0x00000000dfffffff] ACPI data
[    0.000000] BIOS-e820: [mem 0x00000000fec00000-0x00000000fec00fff] reserved
[    0.000000] BIOS-e820: [mem 0x00000000fee00000-0x00000000fee00fff] reserved
[    0.000000] BIOS-e820: [mem 0x00000000fffc0000-0x00000000ffffffff] reserved
[    0.000000] BIOS-e820: [mem 0x0000000100000000-0x0000000213ffffff] usable
[    0.000000] NX (Execute Disable) protection: active
[    0.000000] SMBIOS 2.5 present.
[    0.000000] DMI: innotek GmbH VirtualBox/VirtualBox, BIOS VirtualBox 12/01/2006
[    0.000000] Hypervisor detected: KVM
[    0.000000] e820: last_pfn = 0x214000 max_arch_pfn = 0x400000000
[    0.000000] MTRR: Disabled
[    0.000000] x86/PAT: MTRRs disabled, skipping PAT initialization too.
[    0.000000] CPU MTRRs all blank - virtualized system.
[    0.000000] x86/PAT: Configuration [0-7]: WB  WT  UC- UC  WB  WT  UC- UC  
[    0.000000] e820: last_pfn = 0xdfff0 max_arch_pfn = 0x400000000
[    0.000000] found SMP MP-table at [mem 0x0009fff0-0x0009ffff]
[    0.000000] Scanning 1 areas for low memory corruption
[    0.000000] RAMDISK: [mem 0x35a67000-0x36d2afff]
[    0.000000] ACPI: Early table checksum verification disabled
[    0.000000] ACPI: RSDP 0x00000000000E0000 000024 (v02 VBOX  )
[    0.000000] ACPI: XSDT 0x00000000DFFF0030 00003C (v01 VBOX   VBOXXSDT 00000001 ASL  00000061)
[    0.000000] ACPI: FACP 0x00000000DFFF00F0 0000F4 (v04 VBOX   VBOXFACP 00000001 ASL  00000061)
[    0.000000] ACPI: DSDT 0x00000000DFFF0470 002325 (v02 VBOX   VBOXBIOS 00000002 INTL 20100528)
[    0.000000] ACPI: FACS 0x00000000DFFF0200 000040
[    0.000000] ACPI: FACS 0x00000000DFFF0200 000040
[    0.000000] ACPI: APIC 0x00000000DFFF0240 00005C (v02 VBOX   VBOXAPIC 00000001 ASL  00000061)
[    0.000000] ACPI: SSDT 0x00000000DFFF02A0 0001CC (v01 VBOX   VBOXCPUT 00000002 INTL 20100528)
[    0.000000] No NUMA configuration found
[    0.000000] Faking a node at [mem 0x0000000000000000-0x0000000213ffffff]
[    0.000000] NODE_DATA(0) allocated [mem 0x213fd2000-0x213ffcfff]
[    0.000000] kvm-clock: cpu 0, msr 2:13f51001, primary cpu clock
[    0.000000] kvm-clock: Using msrs 4b564d01 and 4b564d00
[    0.000000] kvm-clock: using sched offset of 9556952588 cycles
[    0.000000] clocksource: kvm-clock: mask: 0xffffffffffffffff max_cycles: 0x1cd42e4dffb, max_idle_ns: 881590591483 ns
[    0.000000] Zone ranges:
[    0.000000]   DMA      [mem 0x0000000000001000-0x0000000000ffffff]
[    0.000000]   DMA32    [mem 0x0000000001000000-0x00000000ffffffff]
[    0.000000]   Normal   [mem 0x0000000100000000-0x0000000213ffffff]
[    0.000000]   Device   empty
[    0.000000] Movable zone start for each node
[    0.000000] Early memory node ranges
[    0.000000]   node   0: [mem 0x0000000000001000-0x000000000009efff]
[    0.000000]   node   0: [mem 0x0000000000100000-0x00000000dffeffff]
[    0.000000]   node   0: [mem 0x0000000100000000-0x0000000213ffffff]
[    0.000000] Reserved but unavailable: 98 pages
[    0.000000] Initmem setup node 0 [mem 0x0000000000001000-0x0000000213ffffff]
[    0.000000] ACPI: PM-Timer IO Port: 0x4008
[    0.000000] IOAPIC[0]: apic_id 2, version 32, address 0xfec00000, GSI 0-23
[    0.000000] ACPI: INT_SRC_OVR (bus 0 bus_irq 0 global_irq 2 dfl dfl)
[    0.000000] ACPI: INT_SRC_OVR (bus 0 bus_irq 9 global_irq 9 low level)
[    0.000000] Using ACPI (MADT) for SMP configuration information
[    0.000000] smpboot: Allowing 2 CPUs, 0 hotplug CPUs
[    0.000000] PM: Registered nosave memory: [mem 0x00000000-0x00000fff]
[    0.000000] PM: Registered nosave memory: [mem 0x0009f000-0x0009ffff]
[    0.000000] PM: Registered nosave memory: [mem 0x000a0000-0x000effff]
[    0.000000] PM: Registered nosave memory: [mem 0x000f0000-0x000fffff]
[    0.000000] PM: Registered nosave memory: [mem 0xdfff0000-0xdfffffff]
[    0.000000] PM: Registered nosave memory: [mem 0xe0000000-0xfebfffff]
[    0.000000] PM: Registered nosave memory: [mem 0xfec00000-0xfec00fff]
[    0.000000] PM: Registered nosave memory: [mem 0xfec01000-0xfedfffff]
[    0.000000] PM: Registered nosave memory: [mem 0xfee00000-0xfee00fff]
[    0.000000] PM: Registered nosave memory: [mem 0xfee01000-0xfffbffff]
[    0.000000] PM: Registered nosave memory: [mem 0xfffc0000-0xffffffff]
[    0.000000] e820: [mem 0xe0000000-0xfebfffff] available for PCI devices
[    0.000000] Booting paravirtualized kernel on KVM
[    0.000000] clocksource: refined-jiffies: mask: 0xffffffff max_cycles: 0xffffffff, max_idle_ns: 7645519600211568 ns
[    0.000000] random: get_random_bytes called from start_kernel+0x99/0x500 with crng_init=0
[    0.000000] setup_percpu: NR_CPUS:8192 nr_cpumask_bits:2 nr_cpu_ids:2 nr_node_ids:1
[    0.000000] percpu: Embedded 45 pages/cpu s147456 r8192 d28672 u1048576
[    0.000000] PV qspinlock hash table entries: 256 (order: 0, 4096 bytes)
[    0.000000] Built 1 zonelists, mobility grouping on.  Total pages: 2015865
[    0.000000] Policy zone: Normal
[    0.000000] Kernel command line: BOOT_IMAGE=/boot/vmlinuz-4.15.0-118-generic root=LABEL=cloudimg-rootfs ro console=tty1 console=ttyS0
[    0.000000] Memory: 7947852K/8191544K available (12300K kernel code, 2482K rwdata, 4272K rodata, 2436K init, 2724K bss, 243692K reserved, 0K cma-reserved)
[    0.000000] SLUB: HWalign=64, Order=0-3, MinObjects=0, CPUs=2, Nodes=1
[    0.000000] Kernel/User page tables isolation: enabled
[    0.000000] ftrace: allocating 39396 entries in 154 pages
[    0.004000] Hierarchical RCU implementation.
[    0.004000] 	RCU restricting CPUs from NR_CPUS=8192 to nr_cpu_ids=2.
[    0.004000] 	Tasks RCU enabled.
[    0.004000] RCU: Adjusting geometry for rcu_fanout_leaf=16, nr_cpu_ids=2
[    0.004000] NR_IRQS: 524544, nr_irqs: 440, preallocated irqs: 16
[    0.004000] Console: colour VGA+ 80x25
[    0.004000] console [tty1] enabled
[    0.004000] console [ttyS0] enabled
[    0.004000] ACPI: Core revision 20170831
[    0.004000] ACPI: 2 ACPI AML tables successfully acquired and loaded
[    0.004000] APIC: Switch to symmetric I/O mode setup
[    0.004000] x2apic enabled
[    0.004012] Switched APIC routing to physical x2apic.
[    0.008000] ..TIMER: vector=0x30 apic1=0 pin1=2 apic2=-1 pin2=-1
[    0.008010] tsc: Detected 2294.690 MHz processor
[    0.012025] Calibrating delay loop (skipped) preset value.. 4589.38 BogoMIPS (lpj=9178760)
[    0.016012] pid_max: default: 32768 minimum: 301
[    0.020141] Security Framework initialized
[    0.024011] Yama: becoming mindful.
[    0.026499] AppArmor: AppArmor initialized
[    0.040719] Dentry cache hash table entries: 1048576 (order: 11, 8388608 bytes)
[    0.052509] Inode-cache hash table entries: 524288 (order: 10, 4194304 bytes)
[    0.056073] Mount-cache hash table entries: 16384 (order: 5, 131072 bytes)
[    0.060072] Mountpoint-cache hash table entries: 16384 (order: 5, 131072 bytes)
[    0.068661] Last level iTLB entries: 4KB 64, 2MB 8, 4MB 8
[    0.072010] Last level dTLB entries: 4KB 64, 2MB 0, 4MB 0, 1GB 4
[    0.075986] Spectre V1 : Mitigation: usercopy/swapgs barriers and __user pointer sanitization
[    0.076012] Spectre V2 : Mitigation: Full generic retpoline
[    0.080007] Spectre V2 : Spectre v2 / SpectreRSB mitigation: Filling RSB on context switch
[    0.084009] Speculative Store Bypass: Vulnerable
[    0.088097] SRBDS: Unknown: Dependent on hypervisor status
[    0.092000] MDS: Vulnerable: Clear CPU buffers attempted, no microcode
[    0.096097] Freeing SMP alternatives memory: 36K
[    0.218098] smpboot: CPU0: Intel(R) Core(TM) i5-5300U CPU @ 2.30GHz (family: 0x6, model: 0x3d, stepping: 0x4)
[    0.220192] Performance Events: unsupported p6 CPU model 61 no PMU driver, software events only.
[    0.228093] Hierarchical SRCU implementation.
[    0.233088] NMI watchdog: Perf event create on CPU 0 failed with -2
[    0.236010] NMI watchdog: Perf NMI watchdog permanently disabled
[    0.242013] smp: Bringing up secondary CPUs ...
[    0.244254] x86: Booting SMP configuration:
[    0.248007] .... node  #0, CPUs:      #1
[    0.004000] kvm-clock: cpu 1, msr 2:13f51041, secondary cpu clock
[    0.256046] smp: Brought up 1 node, 2 CPUs
[    0.259075] smpboot: Max logical packages: 1
[    0.260018] smpboot: Total of 2 processors activated (9178.76 BogoMIPS)
[    0.268011] devtmpfs: initialized
[    0.271209] x86/mm: Memory block size: 128MB
[    0.277268] evm: security.selinux
[    0.279588] evm: security.SMACK64
[    0.280008] evm: security.SMACK64EXEC
[    0.282012] evm: security.SMACK64TRANSMUTE
[    0.284008] evm: security.SMACK64MMAP
[    0.288006] evm: security.apparmor
[    0.289821] evm: security.ima
[    0.291483] evm: security.capability
[    0.292383] clocksource: jiffies: mask: 0xffffffff max_cycles: 0xffffffff, max_idle_ns: 7645041785100000 ns
[    0.296047] futex hash table entries: 512 (order: 3, 32768 bytes)
[    0.300233] pinctrl core: initialized pinctrl subsystem
[    0.304520] RTC time: 19:51:35, date: 10/07/20
[    0.308420] NET: Registered protocol family 16
[    0.312527] audit: initializing netlink subsys (disabled)
[    0.316071] audit: type=2000 audit(1602100307.208:1): state=initialized audit_enabled=0 res=1
[    0.320014] cpuidle: using governor ladder
[    0.324032] cpuidle: using governor menu
[    0.328127] ACPI: bus type PCI registered
[    0.330824] acpiphp: ACPI Hot Plug PCI Controller Driver version: 0.5
[    0.332353] PCI: Using configuration type 1 for base access
[    0.344126] HugeTLB registered 2.00 MiB page size, pre-allocated 0 pages
[    0.348388] ACPI: Added _OSI(Module Device)
[    0.350560] ACPI: Added _OSI(Processor Device)
[    0.352011] ACPI: Added _OSI(3.0 _SCP Extensions)
[    0.356007] ACPI: Added _OSI(Processor Aggregator Device)
[    0.359678] ACPI: Added _OSI(Linux-Dell-Video)
[    0.360029] ACPI: Added _OSI(Linux-Lenovo-NV-HDMI-Audio)
[    0.364027] ACPI: Added _OSI(Linux-HPI-Hybrid-Graphics)
[    0.372117] ACPI: Executed 1 blocks of module-level executable AML code
[    0.400221] ACPI: Interpreter enabled
[    0.404065] ACPI: (supports S0 S5)
[    0.408010] ACPI: Using IOAPIC for interrupt routing
[    0.413930] PCI: Using host bridge windows from ACPI; if necessary, use "pci=nocrs" and report a bug
[    0.416988] ACPI: Enabled 2 GPEs in block 00 to 07
[    0.459509] ACPI: PCI Root Bridge [PCI0] (domain 0000 [bus 00-ff])
[    0.460032] acpi PNP0A03:00: _OSC: OS supports [ASPM ClockPM Segments MSI]
[    0.468915] acpi PNP0A03:00: _OSC: not requesting OS control; OS requires [ExtendedConfig ASPM ClockPM MSI]
[    0.472057] acpi PNP0A03:00: fail to add MMCONFIG information, can't access extended PCI configuration space under this bridge.
[    0.488881] PCI host bridge to bus 0000:00
[    0.492017] pci_bus 0000:00: root bus resource [io  0x0000-0x0cf7 window]
[    0.496019] pci_bus 0000:00: root bus resource [io  0x0d00-0xffff window]
[    0.500018] pci_bus 0000:00: root bus resource [mem 0x000a0000-0x000bffff window]
[    0.504019] pci_bus 0000:00: root bus resource [mem 0xe0000000-0xfdffffff window]
[    0.508016] pci_bus 0000:00: root bus resource [bus 00-ff]
[    0.518438] pci 0000:00:01.1: legacy IDE quirk: reg 0x10: [io  0x01f0-0x01f7]
[    0.520013] pci 0000:00:01.1: legacy IDE quirk: reg 0x14: [io  0x03f6]
[    0.524014] pci 0000:00:01.1: legacy IDE quirk: reg 0x18: [io  0x0170-0x0177]
[    0.528013] pci 0000:00:01.1: legacy IDE quirk: reg 0x1c: [io  0x0376]
[    0.658157] pci 0000:00:07.0: quirk: [io  0x4000-0x403f] claimed by PIIX4 ACPI
[    0.660062] pci 0000:00:07.0: quirk: [io  0x4100-0x410f] claimed by PIIX4 SMB
[    0.722628] ACPI: PCI Interrupt Link [LNKA] (IRQs 5 9 10 *11)
[    0.729146] ACPI: PCI Interrupt Link [LNKB] (IRQs 5 9 *10 11)
[    0.732572] ACPI: PCI Interrupt Link [LNKC] (IRQs 5 *9 10 11)
[    0.740157] ACPI: PCI Interrupt Link [LNKD] (IRQs 5 9 10 *11)
[    0.746017] SCSI subsystem initialized
[    0.752058] pci 0000:00:02.0: vgaarb: setting as boot VGA device
[    0.756000] pci 0000:00:02.0: vgaarb: VGA device added: decodes=io+mem,owns=io+mem,locks=none
[    0.756017] pci 0000:00:02.0: vgaarb: bridge control possible
[    0.760012] vgaarb: loaded
[    0.764148] ACPI: bus type USB registered
[    0.768111] usbcore: registered new interface driver usbfs
[    0.772000] usbcore: registered new interface driver hub
[    0.772164] usbcore: registered new device driver usb
[    0.776318] EDAC MC: Ver: 3.0.0
[    0.780984] PCI: Using ACPI for IRQ routing
[    0.785089] NetLabel: Initializing
[    0.788010] NetLabel:  domain hash size = 128
[    0.792008] NetLabel:  protocols = UNLABELED CIPSOv4 CALIPSO
[    0.796066] NetLabel:  unlabeled traffic allowed by default
[    0.800420] clocksource: Switched to clocksource kvm-clock
[    0.874231] VFS: Disk quotas dquot_6.6.0
[    0.876435] VFS: Dquot-cache hash table entries: 512 (order 0, 4096 bytes)
[    0.879985] AppArmor: AppArmor Filesystem Enabled
[    0.882655] pnp: PnP ACPI init
[    0.890237] pnp: PnP ACPI: found 3 devices
[    0.909134] clocksource: acpi_pm: mask: 0xffffff max_cycles: 0xffffff, max_idle_ns: 2085701024 ns
[    0.912192] NET: Registered protocol family 2
[    0.917303] TCP established hash table entries: 65536 (order: 7, 524288 bytes)
[    0.923535] TCP bind hash table entries: 65536 (order: 8, 1048576 bytes)
[    0.931140] TCP: Hash tables configured (established 65536 bind 65536)
[    0.935060] UDP hash table entries: 4096 (order: 5, 131072 bytes)
[    0.939174] UDP-Lite hash table entries: 4096 (order: 5, 131072 bytes)
[    0.943454] NET: Registered protocol family 1
[    0.946797] pci 0000:00:00.0: Limiting direct PCI/PCI transfers
[    0.949609] pci 0000:00:01.0: Activating ISA DMA hang workarounds
[    0.954082] pci 0000:00:02.0: Video device with shadowed ROM at [mem 0x000c0000-0x000dffff]
[    0.962500] Unpacking initramfs...
[    2.303036] Freeing initrd memory: 19216K
[    2.306083] PCI-DMA: Using software bounce buffering for IO (SWIOTLB)
[    2.311455] software IO TLB: mapped [mem 0xdbff0000-0xdfff0000] (64MB)
[    2.318656] clocksource: tsc: mask: 0xffffffffffffffff max_cycles: 0x21139d127d2, max_idle_ns: 440795239963 ns
[    2.327961] platform rtc_cmos: registered platform RTC device (no PNP device found)
[    2.336298] Scanning for low memory corruption every 60 seconds
[    2.346530] Initialise system trusted keyrings
[    2.350864] Key type blacklist registered
[    2.355675] workingset: timestamp_bits=36 max_order=21 bucket_order=0
[    2.368716] zbud: loaded
[    2.373410] squashfs: version 4.0 (2009/01/31) Phillip Lougher
[    2.378965] fuse init (API version 7.26)
[    2.396326] Key type asymmetric registered
[    2.400294] Asymmetric key parser 'x509' registered
[    2.405082] Block layer SCSI generic (bsg) driver version 0.4 loaded (major 246)
[    2.411715] io scheduler noop registered
[    2.415085] io scheduler deadline registered
[    2.418668] io scheduler cfq registered (default)
[    2.424221] ACPI: AC Adapter [AC] (on-line)
[    2.428010] input: Power Button as /devices/LNXSYSTM:00/LNXPWRBN:00/input/input0
[    2.436172] ACPI: Power Button [PWRF]
[    2.439724] input: Sleep Button as /devices/LNXSYSTM:00/LNXSLPBN:00/input/input1
[    2.445669] ACPI: Sleep Button [SLPF]
[    2.452895] Serial: 8250/16550 driver, 32 ports, IRQ sharing enabled
[   2.459308] ACPI: Battery Slot [BAT0] (battery present)
[    2.482628] 00:02: ttyS0 at I/O 0x3f8 (irq = 4, base_baud = 115200) is a 16550A
[    2.513536] Linux agpgart interface v0.103
[    2.525671] loop: module loaded
[    2.531449] scsi host0: ata_piix
[    2.534358] scsi host1: ata_piix
[    2.536871] ata1: PATA max UDMA/33 cmd 0x1f0 ctl 0x3f6 bmdma 0xd000 irq 14
[    2.542903] ata2: PATA max UDMA/33 cmd 0x170 ctl 0x376 bmdma 0xd008 irq 15
[    2.548118] libphy: Fixed MDIO Bus: probed
[    2.552074] tun: Universal TUN/TAP device driver, 1.6
[    2.557275] PPP generic driver version 2.4.2
[    2.561508] ehci_hcd: USB 2.0 'Enhanced' Host Controller (EHCI) Driver
[    2.566924] ehci-pci: EHCI PCI platform driver
[    2.570953] ehci-platform: EHCI generic platform driver
[    2.575595] ohci_hcd: USB 1.1 'Open' Host Controller (OHCI) Driver
[    2.580945] ohci-pci: OHCI PCI platform driver
[    2.584438] ohci-platform: OHCI generic platform driver
[    2.589966] uhci_hcd: USB Universal Host Controller Interface driver
[    2.595146] i8042: PNP: PS/2 Controller [PNP0303:PS2K,PNP0f03:PS2M] at 0x60,0x64 irq 1,12
[    2.605501] serio: i8042 KBD port at 0x60,0x64 irq 1
[    2.609907] serio: i8042 AUX port at 0x60,0x64 irq 12
[    2.615719] mousedev: PS/2 mouse device common for all mice
[    2.623408] input: AT Translated Set 2 keyboard as /devices/platform/i8042/serio0/input/input2
[    2.624211] rtc_cmos rtc_cmos: rtc core: registered rtc_cmos as rtc0
[    2.643086] rtc_cmos rtc_cmos: alarms up to one day, 114 bytes nvram
[    2.648352] i2c /dev entries driver
[    2.652282] device-mapper: uevent: version 1.0.3
[    2.657940] device-mapper: ioctl: 4.37.0-ioctl (2017-09-20) initialised: dm-devel@redhat.com
[    2.669795] ledtrig-cpu: registered to indicate activity on CPUs
[    2.676503] NET: Registered protocol family 10
[    2.697206] Segment Routing with IPv6
[    2.700381] NET: Registered protocol family 17
[    2.705059] Key type dns_resolver registered
[    2.709483] mce: Using 0 MCE banks
[    2.711908] RAS: Correctable Errors collector initialized.
[    2.717299] sched_clock: Marking stable (2716906023, 0)->(4135620632, -1418714609)
[    2.755060] registered taskstats version 1
[    2.758899] Loading compiled-in X.509 certificates
[    2.773018] Loaded X.509 cert 'Build time autogenerated kernel key: 12f2d460e247d21dc5d156478bb7d4abc0f5a070'
[    2.781087] zswap: loaded using pool lzo/zbud
[    2.800601] Key type big_key registered
[    2.804520] Key type trusted registered
[    2.814152] Key type encrypted registered
[    2.817581] AppArmor: AppArmor sha1 policy hashing enabled
[    2.821226] ima: No TPM chip found, activating TPM-bypass! (rc=-19)
[    2.825896] ima: Allocated hash algorithm: sha1
[    2.830645] evm: HMAC attrs: 0x1
[    2.834343]   Magic number: 8:904:899
[    2.838223] rtc_cmos rtc_cmos: setting system clock to 2020-10-07 19:51:37 UTC (1602100297)
[    2.846906] BIOS EDD facility v0.16 2004-Jun-25, 0 devices found
[    2.851814] EDD information not available.
[    2.879099] Freeing unused kernel image memory: 2436K
[    2.896227] Write protecting the kernel read-only data: 20480k
[    2.905305] Freeing unused kernel image memory: 2008K
[    2.910638] Freeing unused kernel image memory: 1872K
[    2.995123] x86/mm: Checked W+X mappings: passed, no W+X pages found.
[    3.001713] x86/mm: Checking user space page tables
[    3.082460] x86/mm: Checked W+X mappings: passed, no W+X pages found.
Loading, please wait...
starting version 237
[    3.422397] Fusion MPT base driver 3.04.20
[    3.427672] Copyright (c) 1999-2008 LSI Corporation
[    3.453682] e1000: Intel(R) PRO/1000 Network Driver - version 7.3.21-k8-NAPI
[    3.469501] e1000: Copyright (c) 1999-2006 Intel Corporation.
[    3.510450] Fusion MPT SPI Host driver 3.04.20
[    3.537440] AVX2 version of gcm_enc/dec engaged.
[    3.541124] AES CTR mode by8 optimization enabled
[    3.726532] input: ImExPS/2 Generic Explorer Mouse as /devices/platform/i8042/serio1/input/input4
[    4.299294] e1000 0000:00:03.0 eth0: (PCI:33MHz:32-bit) 02:6a:93:8d:eb:87
[    4.304232] e1000 0000:00:03.0 eth0: Intel(R) PRO/1000 Network Connection
[    4.313018] e1000 0000:00:03.0 enp0s3: renamed from eth0
[    4.317105] mptbase: ioc0: Initiating bringup
[    4.418617] ioc0: LSI53C1030 A0: Capabilities={Initiator}
[    4.679519] scsi host2: ioc0: LSI53C1030 A0, FwRev=00000000h, Ports=1, MaxQ=256, IRQ=20
[    4.868192] scsi 2:0:0:0: Direct-Access     VBOX     HARDDISK         1.0  PQ: 0 ANSI: 5
[    5.342604] scsi target2:0:0: Beginning Domain Validation
[    5.358092] scsi target2:0:0: Domain Validation skipping write tests
[    5.368831] scsi target2:0:0: Ending Domain Validation
[    5.377956] scsi target2:0:0: asynchronous
[    5.387107] random: fast init done
[    5.397535] scsi 2:0:1:0: Direct-Access     VBOX     HARDDISK         1.0  PQ: 0 ANSI: 5
[    6.059301] scsi target2:0:1: Beginning Domain Validation
[    6.089776] scsi target2:0:1: Domain Validation skipping write tests
[    6.102128] scsi target2:0:1: Ending Domain Validation
[    6.118053] scsi target2:0:1: asynchronous
[    6.189240] random: systemd-udevd: uninitialized urandom read (16 bytes read)
[    6.190624] sd 2:0:0:0: Attached scsi generic sg0 type 0
[    6.205402] random: systemd-udevd: uninitialized urandom read (16 bytes read)
[    6.236013] sd 2:0:1:0: Attached scsi generic sg1 type 0
[    6.259698] random: systemd-udevd: uninitialized urandom read (16 bytes read)
[    6.270235] sd 2:0:0:0: [sda] 20971520 512-byte logical blocks: (10.7 GB/10.0 GiB)
[    6.286291] sd 2:0:1:0: [sdb] 20480 512-byte logical blocks: (10.5 MB/10.0 MiB)
[    6.305696] sd 2:0:0:0: [sda] Write Protect is off
[    6.346162] sd 2:0:1:0: [sdb] Write Protect is off
[    6.347740] sd 2:0:0:0: [sda] Incomplete mode parameter data
[    6.397286] sd 2:0:0:0: [sda] Assuming drive cache: write through
[    6.398084] sd 2:0:1:0: [sdb] Incomplete mode parameter data
[    6.432598] sd 2:0:1:0: [sdb] Assuming drive cache: write through
[    6.452176]  sda: sda1
[    6.466857] sd 2:0:0:0: [sda] Attached SCSI disk
[    6.489931] sd 2:0:1:0: [sdb] Attached SCSI disk
Begin: Loading essential drivers ... [   12.736271] raid6: sse2x1   gen()   808 MB/s
[   12.784173] raid6: sse2x1   xor()   425 MB/s
[   12.832395] raid6: sse2x2   gen()  1395 MB/s
[   12.880398] raid6: sse2x2   xor()   685 MB/s
[   12.928275] raid6: sse2x4   gen()  1937 MB/s
[   12.978679] raid6: sse2x4   xor()   794 MB/s
[   13.032385] raid6: avx2x1   gen()  1481 MB/s
[   13.084176] raid6: avx2x1   xor()   852 MB/s
[   13.136445] raid6: avx2x2   gen()  2591 MB/s
[   13.184411] raid6: avx2x2   xor()  1448 MB/s
[   13.236190] raid6: avx2x4   gen()  3759 MB/s
[   13.284098] raid6: avx2x4   xor()  1986 MB/s
[   13.289892] raid6: using algorithm avx2x4 gen() 3759 MB/s
[   13.298416] raid6: .... xor() 1986 MB/s, rmw enabled
[   13.305881] raid6: using avx2x2 recovery algorithm
[   13.319743] xor: automatically using best checksumming function   avx       
[   13.336903] async_tx: api initialized (async)
done.
Begin: Running /scripts/init-premount ... done.
Begin: Mounting root file system ... Begin: Running /scripts/local-top ... done.
Begin: Running /scripts/local-premount ... [   13.706107] Btrfs loaded, crc32c=crc32c-intel
Scanning for Btrfs filesystems
done.
Warning: fsck not present, so skipping root file system
[   13.827724] EXT4-fs (sda1): mounted filesystem with ordered data mode. Opts: (null)
done.
Begin: Running /scripts/local-bottom ... done.
Begin: Running /scripts/init-bottom ... done.
[   14.325289] ip_tables: (C) 2000-2006 Netfilter Core Team
[   14.363977] systemd[1]: systemd 237 running in system mode. (+PAM +AUDIT +SELINUX +IMA +APPARMOR +SMACK +SYSVINIT +UTMP +LIBCRYPTSETUP +GCRYPT +GNUTLS +ACL +XZ +LZ4 +SECCOMP +BLKID +ELFUTILS +KMOD -IDN2 +IDN -PCRE2 default-hierarchy=hybrid)
[   14.387105] systemd[1]: Detected virtualization oracle.
[   14.392827] systemd[1]: Detected architecture x86-64.

Welcome to [1mUbuntu 18.04.5 LTS[0m!

[   14.420013] systemd[1]: Set hostname to <ubuntu>.
[   14.436567] systemd[1]: Initializing machine ID from random generator.
[   14.443821] systemd[1]: Installed transient /etc/machine-id file.
[   15.382628] systemd[1]: Reached target Swap.
[[0;32m  OK  [0m] Reached target Swap.
[   15.396472] systemd[1]: Created slice System Slice.
[[0;32m  OK  [0m] Created slice System Slice.
[   15.405792] systemd[1]: Listening on Device-mapper event daemon FIFOs.
[[0;32m  OK  [0m] Listening on Device-mapper event daemon FIFOs.
[   15.416042] systemd[1]: Listening on udev Control Socket.
[[0;32m  OK  [0m] Listening on udev Control Socket.
[[0;32m  OK  [0m] Listening on udev Kernel Socket.
[[0;32m  OK  [0m] Listening on Journal Audit Socket.
[[0;32m  OK  [0m] Created slice system-serial\x2dgetty.slice.
[[0;32m  OK  [0m] Listening on Journal Socket.
         Starting Load Kernel Modules...
         Starting Uncomplicated firewall...
         Starting udev Coldplug all Devices...
         Starting Set the console keyboard layout...
         Mounting Kernel Debug File System...
[[0;32m  OK  [0m] Created slice User and Session Slice.
[[0;32m  OK  [0m] Listening on Journal Socket (/dev/log).
         Mounting POSIX Message Queue File System...
[[0;32m  OK  [0m] Set up automount Arbitrary Executab…rmats File System Automount Point.
[[0;32m  OK  [0m] Reached target System Time Synchronized.
         Starting Create list of required st…ce nodes for the current kernel...
[[0;32m  OK  [0m] Listening on LVM2 poll daemon socket.
[[0;32m  OK  [0m] Reached target Slices.
[[0;32m  OK  [0m] Started Forward Password Requests to Wall Directory Watch.
[[0;32m  OK  [0m] Listening on Network Service Netlink Socket.
[   15.584592] Loading iSCSI transport class v2.0-870.
         Starting Remount Root and Kernel File Systems...
         Mounting Huge Pages File System...
[[0;32m  OK  [0m] Listening on LVM2 metadata daemon socket.
[[0;32m  OK  [0m] Reached target User and Group Name Lookups.
[[0;32m  OK  [0m] Listening on /dev/initctl Compatibility Named Pipe.
[[0;32m  OK  [0m] Listening on Syslog Socket.
         Starting Journal Service...
         Starting Monitoring of LVM2 mirrors…ng dmeventd or progress polling...
[   15.680615] random: crng init done
[   15.689704] random: 7 urandom warning(s) missed due to ratelimiting
[[0;32m  OK  [0m] Started Uncomplicated firewall.
[   15.708649] EXT4-fs (sda1): re-mounted. Opts: (null)
[[0;32m  OK  [0m] Mounted Kernel Debug File System.
[[0;32m  OK  [0m] Mounted POSIX Message Queue File System.
[[0;32m  OK  [0m] Started Create list of required sta…vice nodes for the current kernel.
[[0;32m  OK  [0m] Mounted Huge Pages File System.
[[0;32m  OK  [0m] Started Remount Root and Kernel File Systems.
         Starting Load/Save Random Seed...
[   15.801681] iscsi: registered transport (tcp)
         Starting Create Static Device Nodes in /dev...
[[0;32m  OK  [0m] Started Load/Save Random Seed.
[[0;32m  OK  [0m] Started Create Static Device Nodes in /dev.
         Starting udev Kernel Device Manager...
[[0;32m  OK  [0m] Started LVM2 metadata daemon.
[[0;32m  OK  [0m] Started udev Coldplug all Devices.
[[0;32m  OK  [0m] Started udev Kernel Device Manager.
[[0;32m  OK  [0m] Started Monitoring of LVM2 mirrors,…sing dmeventd or progress polling.
[   16.244317] iscsi: registered transport (iser)
[[0;32m  OK  [0m] Started Load Kernel Modules.
         Starting Apply Kernel Variables...
         Mounting Kernel Configuration File System...
         Mounting FUSE Control File System...
[[0;32m  OK  [0m] Mounted Kernel Configuration File System.
[[0;32m  OK  [0m] Mounted FUSE Control File System.
[[0;32m  OK  [0m] Started Apply Kernel Variables.
[[0;32m  OK  [0m] Started Journal Service.
         Starting Flush Journal to Persistent Storage...
[[0;32m  OK  [0m] Started Flush Journal to Persistent Storage.
[[0;32m  OK  [0m] Started Set the console keyboard layout.
[[0;32m  OK  [0m] Started Dispatch Password Requests to Console Directory Watch.
[[0;32m  OK  [0m] Reached target Local Encrypted Volumes.
[[0;32m  OK  [0m] Reached target Local File Systems (Pre).
[[0;32m  OK  [0m] Reached target Local File Systems.
         Starting Commit a transient machine-id on disk...
         Starting ebtables ruleset management...
         Starting Set console font and keymap...
         Starting Create Volatile Files and Directories...
         Starting AppArmor initialization...
         Starting Tell Plymouth To Write Out Runtime Data...
[[0;32m  OK  [0m] Started Set console font and keymap.
[[0;32m  OK  [0m] Started Tell Plymouth To Write Out Runtime Data.
[[0;32m  OK  [0m] Started Create Volatile Files and Directories.
         Starting Update UTMP about System Boot/Shutdown...
[[0;32m  OK  [0m] Started Commit a transient machine-id on disk.
[[0;32m  OK  [0m] Started Update UTMP about System Boot/Shutdown.
[[0;32m  OK  [0m] Started ebtables ruleset management.
[[0;32m  OK  [0m] Found device /dev/ttyS0.
[[0;32m  OK  [0m] Listening on Load/Save RF Kill Switch Status /dev/rfkill Watch.
[[0;32m  OK  [0m] Started AppArmor initialization.
         Starting Load AppArmor profiles managed internally by snapd...
         Starting Initial cloud-init job (pre-networking)...
[[0;32m  OK  [0m] Started Load AppArmor profiles managed internally by snapd.
[   30.332745] cloud-init[572]: Cloud-init v. 20.3-2-g371b392c-0ubuntu1~18.04.1 running 'init-local' at Wed, 07 Oct 2020 19:52:01 +0000. Up 27.00 seconds.
[[0;32m  OK  [0m] Started Initial cloud-init job (pre-networking).
[[0;32m  OK  [0m] Reached target Network (Pre).
         Starting Network Service...
[[0;32m  OK  [0m] Started Network Service.
         Starting Wait for Network to be Configured...
         Starting Network Name Resolution...
[[0;32m  OK  [0m] Started Network Name Resolution.
[[0;32m  OK  [0m] Reached target Network.
[[0;32m  OK  [0m] Reached target Host and Network Name Lookups.
[[0;32m  OK  [0m] Started Wait for Network to be Configured.
         Starting Initial cloud-init job (metadata service crawler)...
[   39.238722] cloud-init[671]: Cloud-init v. 20.3-2-g371b392c-0ubuntu1~18.04.1 running 'init' at Wed, 07 Oct 2020 19:52:12 +0000. Up 38.14 seconds.
[   39.245332] cloud-init[671]: ci-info: ++++++++++++++++++++++++++++++++++++++Net device info++++++++++++++++++++++++++++++++++++++
[   39.252189] cloud-init[671]: ci-info: +--------+------+----------------------------+---------------+--------+-------------------+
[   39.258190] cloud-init[671]: ci-info: | Device |  Up  |          Address           |      Mask     | Scope  |     Hw-Address    |
[   39.264117] cloud-init[671]: ci-info: +--------+------+----------------------------+---------------+--------+-------------------+
[   39.273235] cloud-init[671]: ci-info: | enp0s3 | True |         10.0.2.15          | 255.255.255.0 | global | 02:6a:93:8d:eb:87 |
[   39.279718] cloud-init[671]: ci-info: | enp0s3 | True | fe80::6a:93ff:fe8d:eb87/64 |       .       |  link  | 02:6a:93:8d:eb:87 |
[   39.286117] cloud-init[671]: ci-info: |   lo   | True |         127.0.0.1          |   255.0.0.0   |  host  |         .         |
[   39.292089] cloud-init[671]: ci-info: |   lo   | True |          ::1/128           |       .       |  host  |         .         |
[   39.308577] cloud-init[671]: ci-info: +--------+------+----------------------------+---------------+--------+-------------------+
[   39.316163] cloud-init[671]: ci-info: ++++++++++++++++++++++++++++Route IPv4 info+++++++++++++++++++++++++++++
[   39.322727] cloud-init[671]: ci-info: +-------+-------------+----------+-----------------+-----------+-------+
[   39.329241] cloud-init[671]: ci-info: | Route | Destination | Gateway  |     Genmask     | Interface | Flags |
[   39.335276] cloud-init[671]: ci-info: +-------+-------------+----------+-----------------+-----------+-------+
[   39.345255] cloud-init[671]: ci-info: |   0   |   0.0.0.0   | 10.0.2.2 |     0.0.0.0     |   enp0s3  |   UG  |
[   39.356130] cloud-init[671]: ci-info: |   1   |   10.0.2.0  | 0.0.0.0  |  255.255.255.0  |   enp0s3  |   U   |
[   39.364731] cloud-init[671]: ci-info: |   2   |   10.0.2.2  | 0.0.0.0  | 255.255.255.255 |   enp0s3  |   UH  |
[   39.371132] cloud-init[671]: ci-info: +-------+-------------+----------+-----------------+-----------+-------+
[   39.379820] cloud-init[671]: ci-info: +++++++++++++++++++Route IPv6 info+++++++++++++++++++
[   39.385890] cloud-init[671]: ci-info: +-------+-------------+---------+-----------+-------+
[   39.391801] cloud-init[671]: ci-info: | Route | Destination | Gateway | Interface | Flags |
[   39.397012] cloud-init[671]: ci-info: +-------+-------------+---------+-----------+-------+
[   39.402750] cloud-init[671]: ci-info: |   1   |  fe80::/64  |    ::   |   enp0s3  |   U   |
[   39.408198] cloud-init[671]: ci-info: |   3   |    local    |    ::   |   enp0s3  |   U   |
[   39.411226] cloud-init[671]: ci-info: |   4   |   ff00::/8  |    ::   |   enp0s3  |   U   |
[   39.415501] cloud-init[671]: ci-info: +-------+-------------+---------+-----------+-------+
[   40.794902] cloud-init[671]: Generating public/private rsa key pair.
[   40.798266] cloud-init[671]: Your identification has been saved in /etc/ssh/ssh_host_rsa_key.
[   40.802444] cloud-init[671]: Your public key has been saved in /etc/ssh/ssh_host_rsa_key.pub.
[   40.806583] cloud-init[671]: The key fingerprint is:
[   40.808967] cloud-init[671]: SHA256:gFTZK0WChtJS3l/xc9+Q+o5RUH6Iqhhc4HIn8Q5nHOY root@ubuntu-bionic
[   40.812880] cloud-init[671]: The key's randomart image is:
[   40.816461] cloud-init[671]: +---[RSA 2048]----+
[   40.819084] cloud-init[671]: | o...o=+=     .  |
[   40.821736] cloud-init[671]: |o.oooo.Oo+   + o |
[   40.824431] cloud-init[671]: | o..+ *.E.o + = .|
[   40.827787] cloud-init[671]: |     =.@.  + + + |
[   40.830472] cloud-init[671]: |      +.S . . o .|
[   40.832840] cloud-init[671]: |       o .   o   |
[   40.835075] cloud-init[671]: |      . .   . .  |
[   40.837487] cloud-init[671]: |             +   |
[   40.839768] cloud-init[671]: |            . .  |
[   40.842995] cloud-init[671]: +----[SHA256]-----+
[   40.846397] cloud-init[671]: Generating public/private dsa key pair.
[   40.849278] cloud-init[671]: Your identification has been saved in /etc/ssh/ssh_host_dsa_key.
[   40.854124] cloud-init[671]: Your public key has been saved in /etc/ssh/ssh_host_dsa_key.pub.
[   40.858352] cloud-init[671]: The key fingerprint is:
[   40.864508] cloud-init[671]: SHA256:YPk8c7u86O3V/4w2SYguZ9SOPVUhqF070z3xzyCMx4g root@ubuntu-bionic
[   40.867904] cloud-init[671]: The key's randomart image is:
[   40.880594] cloud-init[671]: +---[DSA 1024]----+
[   40.882647] cloud-init[671]: |            .    |
[   40.886585] cloud-init[671]: |       .   . o o |
[   40.891446] cloud-init[671]: |      +  .o=. + =|
[   40.897741] cloud-init[671]: |     . +E.o.=+.o+|
[   40.903621] cloud-init[671]: |        S .+ oo+o|
[   40.912555] cloud-init[671]: |         +o.o.o o|
[   40.917855] cloud-init[671]: |         o.+.o.. |
[   40.920773] cloud-init[671]: |        .+=o+ ++ |
[   40.923470] cloud-init[671]: |       .o=*. o..=|
[   40.926341] cloud-init[671]: +----[SHA256]-----+
[   40.929001] cloud-init[671]: Generating public/private ecdsa key pair.
[   40.933772] cloud-init[671]: Your identification has been saved in /etc/ssh/ssh_host_ecdsa_key.
[   40.944886] cloud-init[671]: Your public key has been saved in /etc/ssh/ssh_host_ecdsa_key.pub.
[   40.962235] cloud-init[671]: The key fingerprint is:
[   40.967135] cloud-init[671]: SHA256:i4kgMFOOiInpe3mWQV8UYQSlUN+0qSsOojVBhBqcwrw root@ubuntu-bionic
[   40.979707] cloud-init[671]: The key's randomart image is:
[   40.988684] cloud-init[671]: +---[ECDSA 256]---+
[   40.990859] cloud-init[671]: |+ +. ..o+Bo.     |
[   40.993714] cloud-init[671]: |*%.   . = o o    |
[   40.996741] cloud-init[671]: |&.o. . . o +     |
[   40.999159] cloud-init[671]: |+E. . . . .      |
[   41.001714] cloud-init[671]: |.... . .S.       |
[   41.005244] cloud-init[671]: | ...o.oo ..      |
[   41.008687] cloud-init[671]: | . *.=o...       |
[   41.012726] cloud-init[671]: |  + = o .        |
[   41.015533] cloud-init[671]: | .     .         |
[   41.018301] cloud-init[671]: +----[SHA256]-----+
[   41.020749] cloud-init[671]: Generating public/private ed25519 key pair.
[   41.025199] cloud-init[671]: Your identification has been saved in /etc/ssh/ssh_host_ed25519_key.
[   41.030237] cloud-init[671]: Your public key has been saved in /etc/ssh/ssh_host_ed25519_key.pub.
[   41.034921] cloud-init[671]: The key fingerprint is:
[   41.043941] cloud-init[671]: SHA256:AMMrjUO6BXoyLntcaW4u3uQKgQG14Oz5MyRGDUHvtac root@ubuntu-bionic
[   41.065037] cloud-init[671]: The key's randomart image is:
[   41.067708] cloud-init[671]: +--[ED25519 256]--+
[   41.070845] cloud-init[671]: |+=o.o            |
[   41.074279] cloud-init[671]: |=.=..o           |
[   41.077460] cloud-init[671]: |oB.= o.          |
[   41.080534] cloud-init[671]: |O.O + ..         |
[   41.083488] cloud-init[671]: |+@ = o .S        |
[   41.086461] cloud-init[671]: |+o+ + o          |
[   41.089374] cloud-init[671]: |oo B.E           |
[   41.100822] cloud-init[671]: |..++=            |
[   41.116770] cloud-init[671]: | oo=+            |
[   41.136591] cloud-init[671]: +----[SHA256]-----+
[[0;32m  OK  [0m] Started Initial cloud-init job (metadata service crawler).
[[0;32m  OK  [0m] Reached target System Initialization.
[[0;32m  OK  [0m] Listening on UUID daemon activation socket.
[[0;32m  OK  [0m] Listening on ACPID Listen Socket.
[[0;32m  OK  [0m] Started Message of the Day.
[[0;32m  OK  [0m] Started Discard unused blocks once a week.
         Starting Socket activation for snappy daemon.
[[0;32m  OK  [0m] Started Daily Cleanup of Temporary Directories.
[[0;32m  OK  [0m] Listening on Open-iSCSI iscsid Socket.
[[0;32m  OK  [0m] Started Daily apt download activities.
[[0;32m  OK  [0m] Started Daily apt upgrade and clean activities.
[[0;32m  OK  [0m] Reached target Timers.
[[0;32m  OK  [0m] Started ACPI Events Check.
[[0;32m  OK  [0m] Reached target Paths.
[[0;32m  OK  [0m] Listening on D-Bus System Message Bus Socket.
         Starting LXD - unix socket.
[[0;32m  OK  [0m] Reached target Cloud-config availability.
[[0;32m  OK  [0m] Reached target Network is Online.
[[0;32m  OK  [0m] Reached target Remote File Systems (Pre).
[[0;32m  OK  [0m] Reached target Remote File Systems.
         Starting Availability of block devices...
[[0;32m  OK  [0m] Listening on Socket activation for snappy daemon.
[[0;32m  OK  [0m] Listening on LXD - unix socket.
[[0;32m  OK  [0m] Reached target Sockets.
[[0;32m  OK  [0m] Reached target Basic System.
         Starting Login Service...
         Starting LXD - container startup/shutdown...
[[0;32m  OK  [0m] Started D-Bus System Message Bus.
[[0;32m  OK  [0m] Started Deferred execution scheduler.
         Starting Dispatcher daemon for systemd-networkd...
[[0;32m  OK  [0m] Started Regular background program processing daemon.
         Starting Accounts Service...
         Starting Permit User Sessions...
         Starting Pollinate to seed the pseudo random number generator...
         Starting Virtualbox guest utils...
         Starting System Logging Service...
         Starting Snap Daemon...
         Starting LSB: automatic crash report generation...
         Starting LSB: Record successful boot for GRUB...
[[0;32m  OK  [0m] Started irqbalance daemon.
[[0;32m  OK  [0m] Started FUSE filesystem for LXC.
[[0;32m  OK  [0m] Started Availability of block devices.
[[0;32m  OK  [0m] Started Permit User Sessions.
[[0;32m  OK  [0m] Started Login Service.
[[0;32m  OK  [0m] Started System Logging Service.
[[0;32m  OK  [0m] Started LXD - container startup/shutdown.
         Starting Authorization Manager...
[[0;32m  OK  [0m] Started Unattended Upgrades Shutdown.
         Starting Hold until boot process finishes up...
         Starting Terminate Plymouth Boot Screen...
[[0;32m  OK  [0m] Started Hold until boot process finishes up.
[[0;32m  OK  [0m] Started Terminate Plymouth Boot Screen.
         Starting Set console scheme...
[[0;32m  OK  [0m] Started Serial Getty on ttyS0.
[[0;32m  OK  [0m] Started Set console scheme.
[[0;32m  OK  [0m] Created slice system-getty.slice.
[[0;32m  OK  [0m] Started Getty on tty1.
[[0;32m  OK  [0m] Reached target Login Prompts.
[[0;32m  OK  [0m] Started LSB: Record successful boot for GRUB.
[[0;32m  OK  [0m] Started LSB: automatic crash report generation.
[[0;32m  OK  [0m] Started Authorization Manager.
[[0;32m  OK  [0m] Started Accounts Service.
[[0;32m  OK  [0m] Started Virtualbox guest utils.
[[0;32m  OK  [0m] Started Dispatcher daemon for systemd-networkd.
[[0;32m  OK  [0m] Started Snap Daemon.
         Starting Wait until snapd is fully seeded...
[[0;32m  OK  [0m] Started Pollinate to seed the pseudo random number generator.
         Starting OpenBSD Secure Shell server...
[[0;32m  OK  [0m] Started OpenBSD Secure Shell server.
[[0;32m  OK  [0m] Created slice User Slice of vagrant.
         Starting User Manager for UID 1000...
[[0;32m  OK  [0m] Started Session 1 of user vagrant.
[[0;32m  OK  [0m] Started User Manager for UID 1000.
[[0;32m  OK  [0m] Started Wait until snapd is fully seeded.
         Starting Apply the settings specified in cloud-config...
[[0;32m  OK  [0m] Reached target Multi-User System.
[[0;32m  OK  [0m] Reached target Graphical Interface.
         Starting Update UTMP about System Runlevel Changes...
[[0;32m  OK  [0m] Started Update UTMP about System Runlevel Changes.

Ubuntu 18.04.5 LTS ubuntu-bionic ttyS0

ubuntu-bionic login: [   49.773697] cloud-init[1135]: Cloud-init v. 20.3-2-g371b392c-0ubuntu1~18.04.1 running 'modules:config' at Wed, 07 Oct 2020 19:52:22 +0000. Up 47.82 seconds.
ci-info: no authorized SSH keys fingerprints found for user ubuntu.
<14>Oct  7 19:52:26 ec2: 
<14>Oct  7 19:52:26 ec2: #############################################################
<14>Oct  7 19:52:26 ec2: -----BEGIN SSH HOST KEY FINGERPRINTS-----
<14>Oct  7 19:52:26 ec2: 1024 SHA256:YPk8c7u86O3V/4w2SYguZ9SOPVUhqF070z3xzyCMx4g root@ubuntu-bionic (DSA)
<14>Oct  7 19:52:26 ec2: 256 SHA256:i4kgMFOOiInpe3mWQV8UYQSlUN+0qSsOojVBhBqcwrw root@ubuntu-bionic (ECDSA)
<14>Oct  7 19:52:26 ec2: 256 SHA256:AMMrjUO6BXoyLntcaW4u3uQKgQG14Oz5MyRGDUHvtac root@ubuntu-bionic (ED25519)
<14>Oct  7 19:52:26 ec2: 2048 SHA256:gFTZK0WChtJS3l/xc9+Q+o5RUH6Iqhhc4HIn8Q5nHOY root@ubuntu-bionic (RSA)
<14>Oct  7 19:52:26 ec2: -----END SSH HOST KEY FINGERPRINTS-----
<14>Oct  7 19:52:26 ec2: #############################################################
-----BEGIN SSH HOST KEY KEYS-----
ecdsa-sha2-nistp256 AAAAE2VjZHNhLXNoYTItbmlzdHAyNTYAAAAIbmlzdHAyNTYAAABBBBvbKoOndJfGD8nEt/wnDpJDYwS+RnwXx8KRgvZDBdS+o8KTtX9T2GpgAZNvB+aZq/8PP3LEU8nljAksXtRdemA= root@ubuntu-bionic
ssh-ed25519 AAAAC3NzaC1lZDI1NTE5AAAAIC3SBZxOMzpA7geJI5+v5MVb9OK5ZcsFNgt2z2EkANJW root@ubuntu-bionic
ssh-rsa AAAAB3NzaC1yc2EAAAADAQABAAABAQDFp4gZgSJpt+mNAiOMpk3W6gSVZxRVydRLyadPbm+MQZxwggpJE1OoGvnHFYTxtXAKv3wxPhOCcKPd+IO7hydznz2O9+fXMkh90ysRQGug4iwXruiuswTznEMPiqTPwkYBwcID6g7OtAyr6PM/vgngfc919aXwHorqdebGh9icfn9wRKl7YOZphuBC2SnIsaOV49fru2HzOye4RS13V2++bLI9hyJJnR/PKUTJhHa8AouGKpDNmlgOo34g47AwSXrv8J8VehSTOyjeADlxg5mHPSpD/FLtQoHbNknygqHEBgItMyU4+YmkVZTgSCSzcU5ob+hypTaZTL5VOSOmZ4DL root@ubuntu-bionic
-----END SSH HOST KEY KEYS-----
[   51.641147] cloud-init[1280]: Cloud-init v. 20.3-2-g371b392c-0ubuntu1~18.04.1 running 'modules:final' at Wed, 07 Oct 2020 19:52:25 +0000. Up 51.19 seconds.
[   51.643397] cloud-init[1280]: ci-info: no authorized SSH keys fingerprints found for user ubuntu.
[   51.647231] cloud-init[1280]: Cloud-init v. 20.3-2-g371b392c-0ubuntu1~18.04.1 finished at Wed, 07 Oct 2020 19:52:26 +0000. Datasource DataSourceNoCloud [seed=/dev/sdb][dsmode=net].  Up 51.61 seconds
